<?xml version="1.0" encoding="UTF-8"?>
<!-- Generated by org.testng.reporters.JUnitXMLReporter -->
<testsuite hostname="EIT-20130101WFQ" ignored="2" name="sunset" tests="1" failures="1" timestamp="01 七月 2019 02:54:57 GMT" time="0.452" errors="0">
  <testcase name="one" time="0.429" classname="com.test.one.NewTest">
    <failure type="java.lang.NullPointerException">
      <![CDATA[java.lang.NullPointerException
at com.test.one.utils.OkhttpUtils.post(OkhttpUtils.java:49)
at com.test.one.NewTest.one(NewTest.java:22)
... Removed 24 stack frames]]>
    </failure>
  </testcase> <!-- one -->
  <testcase name="three" time="0.0" classname="com.test.one.NewTest">
    <ignored/>
  </testcase> <!-- three -->
  <testcase name="two" time="0.0" classname="com.test.one.NewTest">
    <ignored/>
  </testcase> <!-- two -->
</testsuite> <!-- sunset -->
