<?xml version="1.0" encoding="UTF-8"?>
<testng-results skipped="0" failed="0" ignored="0" total="1" passed="1">
  <reporter-output>
  </reporter-output>
  <suite name="All Test Suite" duration-ms="27" started-at="2019-11-07T08:05:30Z" finished-at="2019-11-07T08:05:30Z">
    <groups>
      <group name="group1">
        <method signature="testNgTest.test()[pri:0, instance:com.test.one.testNgTest@3532ec19]" name="test" class="com.test.one.testNgTest"/>
      </group> <!-- group1 -->
    </groups>
    <test name="D:/hexindai/sunset" duration-ms="27" started-at="2019-11-07T08:05:30Z" finished-at="2019-11-07T08:05:30Z">
      <class name="com.test.one.testNgTest">
        <test-method status="PASS" signature="beforeGroup()[pri:0, instance:com.test.one.testNgTest@3532ec19]" name="beforeGroup" is-config="true" duration-ms="6" started-at="2019-11-07T08:05:30Z" finished-at="2019-11-07T08:05:30Z">
          <reporter-output>
          </reporter-output>
        </test-method> <!-- beforeGroup -->
        <test-method status="PASS" signature="test()[pri:0, instance:com.test.one.testNgTest@3532ec19]" name="test" duration-ms="0" started-at="2019-11-07T08:05:30Z" finished-at="2019-11-07T08:05:30Z">
          <reporter-output>
          </reporter-output>
        </test-method> <!-- test -->
        <test-method status="PASS" signature="afterGroup()[pri:0, instance:com.test.one.testNgTest@3532ec19]" name="afterGroup" is-config="true" duration-ms="0" started-at="2019-11-07T08:05:30Z" finished-at="2019-11-07T08:05:30Z">
          <reporter-output>
          </reporter-output>
        </test-method> <!-- afterGroup -->
      </class> <!-- com.test.one.testNgTest -->
    </test> <!-- D:/hexindai/sunset -->
  </suite> <!-- All Test Suite -->
</testng-results>
